* Measurement data measured by REW V5.31.3
* Source: ASIO Focusrite USB ASIO, Input 1
* Format: 1M Log Swept Sine, 1 sweep at -10.5 dBFS using a loopback as calibration and timing reference
* Dated: May 3, 2025 3:19:48 PM
* REW Settings:
*  C-weighting compensation: Off
*  Target level: 75.0 dB
* Note: ; Delay 30.4889 ms (10.458 m, 34 ft 4 in) using estimated IR delay relative to Loopback as cal ref from 2: Output 2 to 2: Input 2 with 2.6629 ms (913 mm, 2 ft 11.96 in) timing offset
* Measurement: Woofer hor 0
* Smoothing: 1/24 octave
* Frequency Step: 1/48 octave
* Start Frequency: 200.000 Hz
*
* Freq(Hz)	SPL(dB)	Phase(degrees)
200.000000	87.648	-86.8389
203.000000	87.788	-121.3285
206.000000	88.011	-155.4229
209.000000	88.244	170.4601
212.000000	88.468	136.3450
214.000000	88.613	113.6039
218.000000	88.894	68.1281
220.000000	89.029	45.3938
224.000000	89.289	-0.0668
227.000000	89.474	-34.1548
230.000000	89.653	-68.2359
233.000000	89.826	-102.3094
236.000000	89.994	-136.3748
240.000000	90.207	178.2177
243.000000	90.358	144.1724
247.000000	90.551	98.7938
250.000000	90.691	64.7712
254.000000	90.870	19.4243
258.000000	91.037	-25.9033
262.000000	91.194	-71.2104
265.000000	91.306	-105.1767
269.000000	91.451	-150.4463
272.000000	91.555	175.6162
276.000000	91.685	130.3866
280.000000	91.806	85.1807
285.000000	91.948	28.7075
290.000000	92.083	-27.7262
295.000000	92.206	-84.1202
300.000000	92.321	-140.4733
304.000000	92.409	174.4740
307.000000	92.471	140.7020
311.000000	92.551	95.6960
315.000000	92.626	50.7169
320.000000	92.716	-5.4689
325.000000	92.801	-61.6135
330.000000	92.879	-117.7168
335.000000	92.951	-173.7788
340.000000	93.017	130.1986
345.000000	93.082	74.2151
350.000000	93.143	18.2690
355.000000	93.200	-37.6404
360.000000	93.253	-93.5142
365.000000	93.302	-149.3552
370.000000	93.350	154.8359
375.000000	93.395	99.0569
382.000000	93.456	21.0132
387.000000	93.498	-34.7009
395.000000	93.560	-123.7942
400.000000	93.597	-179.4497
406.000000	93.640	113.7891
412.000000	93.682	47.0547
418.000000	93.723	-19.6570
425.000000	93.769	-97.4595
431.000000	93.809	-164.1265
437.000000	93.846	129.2251
444.000000	93.889	51.4912
450.000000	93.926	-15.1201
455.000000	93.957	-70.6165
462.000000	93.999	-148.2937
468.000000	94.033	145.1448
475.000000	94.072	67.5090
482.000000	94.109	-10.1035
487.000000	94.134	-65.5264
494.000000	94.169	-143.0986
500.000000	94.197	150.4290
508.000000	94.234	61.8276
515.000000	94.265	-15.6738
522.000000	94.296	-93.1504
530.000000	94.331	178.3325
538.000000	94.365	89.8440
545.000000	94.395	12.4395
552.000000	94.426	-64.9434
560.000000	94.461	-153.3594
570.000000	94.506	96.1533
580.000000	94.553	-14.2998
590.000000	94.603	-124.7207
600.000000	94.654	124.8887
608.000000	94.694	36.5991
615.000000	94.729	-40.6377
622.000000	94.764	-117.8584
630.000000	94.807	153.9116
640.000000	94.863	43.6567
650.000000	94.920	-66.5596
660.000000	94.982	-176.7363
670.000000	95.049	73.1260
680.000000	95.123	-36.9766
690.000000	95.202	-147.0498
700.000000	95.289	102.8970
710.000000	95.386	-7.1484
720.000000	95.493	-117.1982
730.000000	95.608	132.7285
740.000000	95.734	22.6182
750.000000	95.868	-87.5425
762.000000	96.036	140.1782
775.000000	96.221	-3.2480
788.000000	96.408	-146.8101
800.000000	96.578	80.5493
812.000000	96.739	-52.1973
825.000000	96.898	163.8945
838.000000	97.042	19.9102
850.000000	97.156	-113.0391
862.000000	97.254	114.0010
875.000000	97.343	-30.0225
885.000000	97.401	-140.7817
900.000000	97.475	53.1553
912.000000	97.526	-79.6226
925.000000	97.577	136.6133
938.000000	97.629	-7.0781
950.000000	97.680	-139.6689
962.000000	97.735	87.7637
975.000000	97.804	-55.8525
988.000000	97.883	160.4951
1000.000000	97.962	27.8369
1015.000000	98.061	-138.0889
1030.000000	98.155	55.8555
1044.000000	98.232	-99.2432
1060.000000	98.297	83.3926
1075.000000	98.331	-82.9502
1090.000000	98.335	110.6963
1106.000000	98.307	-66.6904
1120.000000	98.257	138.1982
1138.000000	98.167	-61.0303
1150.000000	98.097	166.3066
1172.000000	97.969	-76.5830
1180.000000	97.927	-164.8086
1206.000000	97.827	-91.2969
1220.000000	97.799	114.5098
1241.000000	97.789	-116.8428
1250.000000	97.792	143.9551
1265.000000	97.798	-21.4727
1280.000000	97.796	172.9951
1315.000000	97.724	146.5391
1320.000000	97.704	91.3418
1340.000000	97.599	-129.3223
1360.000000	97.471	10.3203
1380.000000	97.343	150.3486
1400.000000	97.249	-69.2744
1430.000000	97.222	-38.4092
1450.000000	97.282	102.0332
1475.000000	97.411	-172.8770
1500.000000	97.549	-88.3828
1525.000000	97.646	-4.3320
1550.000000	97.690	79.5234
1575.000000	97.693	163.3926
1600.000000	97.680	-112.6963
1625.000000	97.669	-28.8799
1650.000000	97.651	54.6465
1675.000000	97.585	137.7734
1700.000000	97.423	-139.4062
1725.000000	97.125	-56.5918
1750.000000	96.686	26.6719
1775.000000	96.132	110.8828
1800.000000	95.536	-163.5781
1825.000000	95.004	-76.6797
1850.000000	94.627	11.1445
1875.000000	94.431	99.1680
1900.000000	94.370	-173.2070
1925.000000	94.366	-86.1250
1950.000000	94.368	0.6270
1975.000000	94.367	87.3516
2000.000000	94.387	174.2207
2030.000000	94.485	-153.4375
2060.000000	94.680	-121.3672
2090.000000	94.937	-89.9023
2120.000000	95.198	-59.0859
2140.000000	95.354	81.1836
2180.000000	95.615	1.4043
2200.000000	95.730	141.4277
2240.000000	95.946	-57.4805
2270.000000	96.087	-73.2969
2300.000000	96.183	-109.3320
2330.000000	96.211	-153.9316
2360.000000	96.170	153.3848
2400.000000	96.067	-168.7109
2430.000000	96.015	121.0742
2470.000000	96.029	135.7637
2500.000000	96.072	47.8770
2540.000000	96.086	39.1445
2580.000000	96.012	18.1543
2620.000000	95.910	-14.1387
2650.000000	95.881	-135.6309
2690.000000	95.931	172.3750
2720.000000	96.000	35.7812
2760.000000	96.071	-36.1172
2800.000000	96.113	-118.5137
2850.000000	96.189	-145.7539
2900.000000	96.285	171.0098
2950.000000	96.264	112.2148
3000.000000	96.066	39.3770
3040.000000	95.845	-100.1904
3070.000000	95.681	59.7988
3110.000000	95.467	-94.0127
3150.000000	95.241	104.2695
3200.000000	94.971	-18.3066
3250.000000	94.809	-152.2041
3300.000000	94.782	62.3906
3350.000000	94.892	-94.1943
3400.000000	95.229	97.9854
3450.000000	95.747	-82.2393
3500.000000	96.184	84.9590
3550.000000	96.368	-118.7109
3600.000000	96.393	28.5635
3650.000000	96.454	167.1611
3700.000000	96.623	-63.5264
3750.000000	96.858	56.2295
3820.000000	97.228	-152.1055
3870.000000	97.425	-55.1953
3950.000000	97.354	81.8105
4000.000000	97.090	157.8730
4060.000000	96.742	-119.7676
4120.000000	96.438	-47.6152
4180.000000	96.117	14.4160
4250.000000	95.760	75.2148
4310.000000	95.616	117.5195
4370.000000	95.654	150.1855
4440.000000	95.890	176.0205
4500.000000	96.244	-172.5625
4550.000000	96.579	-170.8779
4620.000000	96.949	-179.9736
4680.000000	97.130	162.5283
4750.000000	97.192	131.5811
4820.000000	97.098	90.0938
4870.000000	96.982	54.4980
4940.000000	96.839	-3.6533
5000.000000	96.731	-61.5020
5080.000000	96.511	-149.7891
5150.000000	96.232	123.3779
5220.000000	95.931	28.2236
5300.000000	95.649	-90.3799
5380.000000	95.531	140.5430
5450.000000	95.617	18.6279
5520.000000	95.835	-112.2314
5600.000000	96.119	87.3916
5700.000000	96.445	-128.3350
5800.000000	96.692	-0.1279
5900.000000	96.870	112.8311
6000.000000	96.858	-149.1660
6080.000000	96.650	-7.8877
6150.000000	96.468	154.9512
6220.000000	96.400	-48.0342
6300.000000	96.451	72.0820
6400.000000	96.528	120.2432
6500.000000	96.529	157.0234
6600.000000	96.772	-176.3750
6700.000000	97.370	-26.9102
6800.000000	97.947	16.9766
6900.000000	98.351	14.2529
7000.000000	98.760	-8.8652
7100.000000	99.243	-52.7754
7200.000000	99.666	-117.1172
7300.000000	100.021	159.6436
7400.000000	100.443	58.1758
7500.000000	100.952	-61.8105
7620.000000	101.559	-157.5645
7750.000000	102.323	101.2617
7880.000000	103.355	-28.8750
8000.000000	104.393	157.2695
8120.000000	105.450	-40.5664
8250.000000	106.618	108.0156
8380.000000	107.455	-131.8604
8500.000000	107.574	-44.0723
8620.000000	107.015	24.6406
8750.000000	105.803	80.4688
8850.000000	104.637	111.7803
9000.000000	103.024	141.1367
9120.000000	102.330	148.3838
9250.000000	102.387	136.4209
9380.000000	102.902	100.8760
9500.000000	103.270	47.6367
9620.000000	103.296	-22.6406
9750.000000	103.051	-115.2051
9880.000000	102.849	136.0811
10000.000000	102.853	20.0713
10150.000000	102.702	-147.5840
10300.000000	101.875	24.1025
10440.000000	101.032	-164.7920
10600.000000	101.063	-40.1309
10750.000000	101.761	74.7969
10900.000000	102.504	166.3809
11060.000000	103.017	-143.5361
11200.000000	103.156	128.8916
11380.000000	103.040	-173.0586
11500.000000	102.846	74.3213
11720.000000	102.504	127.5635
11800.000000	102.408	-95.3652
12060.000000	101.820	-56.8408
12200.000000	101.420	130.5557
12410.000000	101.336	16.8232
12500.000000	101.563	108.4521
12650.000000	102.047	-118.6396
12800.000000	102.316	-9.5186
13150.000000	101.448	164.5791
13200.000000	101.169	-178.6797
13400.000000	99.973	-129.5645
13600.000000	99.267	-110.2363
13800.000000	99.109	-124.9365
14000.000000	98.906	-174.2842
14300.000000	97.745	53.3418
14500.000000	96.476	-69.3799
14750.000000	94.624	101.5908
15000.000000	92.924	-123.2861
15250.000000	92.576	-23.4072
15500.000000	93.816	2.5137
15750.000000	94.438	-31.0645
16000.000000	94.619	2.0918
16250.000000	95.128	-13.5801
16500.000000	95.634	-79.3086
16750.000000	95.787	168.1992
17000.000000	95.785	12.6816
17250.000000	95.947	175.2988
17500.000000	96.448	-64.4229
17750.000000	97.144	12.1562
18000.000000	97.624	45.2686
18250.000000	97.387	37.7158
18500.000000	96.568	-4.6895
18750.000000	95.832	-82.7168
19000.000000	94.828	163.2441
19250.000000	93.457	15.9170
19500.000000	91.793	-163.6934
19750.000000	89.682	-12.9580
20000.000000	87.357	115.6855
20300.000000	86.657	157.5078
20600.000000	87.873	161.8906
20900.000000	88.105	101.9092
21200.000000	86.737	-3.1973
21400.000000	86.142	146.2031
21800.000000	86.562	13.6299
22000.000000	86.686	92.1719
22400.000000	86.263	-172.4434
22700.000000	85.613	-151.5039
23000.000000	84.954	-175.1641
23300.000000	83.877	115.3994
23600.000000	82.003	4.1523
24000.000000	78.759	156.8672
24300.000000	75.412	-46.5508
24700.000000	69.175	31.5029
25000.000000	63.528	-16.0010
